# JRE version: Java(TM) SE Runtime Environment (21.0.2+13) (build 21.0.2+13-LTS-58)
# Java VM: Java HotSpot(TM) 64-Bit Server VM (21.0.2+13-LTS-58, mixed mode, sharing, tiered, compressed oops, compressed class ptrs, g1 gc, windows-amd64)
GC Precious Log:
 CardTable entry size: 512
 Card Set container configuration: InlinePtr #cards 5 size 8 Array Of Cards #cards 12 size 40 Howl #buckets 4 coarsen threshold 1843 Howl Bitmap #cards 512 size 80 coarsen threshold 460 Card regions per heap region 1 cards per card region 2048
 CPUs: 4 total, 4 available
 Memory: 8071M
 Large Page Support: Disabled
 NUMA Support: Disabled
 Compressed Oops: Enabled (32-bit)
 Heap Region Size: 1M
 Heap Min Capacity: 8M
 Heap Initial Capacity: 128M
 Heap Max Capacity: 2018M
 Pre-touch: Disabled
 Parallel Workers: 4
 Concurrent Workers: 1
 Concurrent Refinement Workers: 4
 Periodic GC: Disabled
Heap:
 garbage-first heap   total 150528K, used 88477K [0x0000000081e00000, 0x0000000100000000)
  region size 1024K, 36 young (36864K), 10 survivors (10240K)
 Metaspace       used 108459K, committed 109120K, reserved 1179648K
  class space    used 13528K, committed 13824K, reserved 1048576K
GC Heap History (20 events):
Event: 2024.712 GC heap before
{Heap before GC invocations=43 (full 2):
 garbage-first heap   total 150528K, used 115013K [0x0000000081e00000, 0x0000000100000000)
  region size 1024K, 59 young (60416K), 8 survivors (8192K)
 Metaspace       used 102079K, committed 102912K, reserved 1179648K
  class space    used 13142K, committed 13504K, reserved 1048576K
}
Event: 2024.971 GC heap after
{Heap after GC invocations=44 (full 3):
 garbage-first heap   total 150528K, used 52186K [0x0000000081e00000, 0x0000000100000000)
  region size 1024K, 0 young (0K), 0 survivors (0K)
 Metaspace       used 102043K, committed 102912K, reserved 1179648K
  class space    used 13138K, committed 13504K, reserved 1048576K
}
Event: 2026.136 GC heap before
{Heap before GC invocations=44 (full 3):
 garbage-first heap   total 150528K, used 103386K [0x0000000081e00000, 0x0000000100000000)
  region size 1024K, 52 young (53248K), 0 survivors (0K)
 Metaspace       used 102660K, committed 103488K, reserved 1179648K
  class space    used 13190K, committed 13568K, reserved 1048576K
}
Event: 2026.147 GC heap after
{Heap after GC invocations=45 (full 3):
 garbage-first heap   total 150528K, used 58021K [0x0000000081e00000, 0x0000000100000000)
  region size 1024K, 6 young (6144K), 6 survivors (6144K)
 Metaspace       used 102660K, committed 103488K, reserved 1179648K
  class space    used 13190K, committed 13568K, reserved 1048576K
}
Event: 2027.417 GC heap before
{Heap before GC invocations=46 (full 3):
 garbage-first heap   total 150528K, used 130725K [0x0000000081e00000, 0x0000000100000000)
  region size 1024K, 76 young (77824K), 6 survivors (6144K)
 Metaspace       used 103425K, committed 104192K, reserved 1179648K
  class space    used 13184K, committed 13568K, reserved 1048576K
}
Event: 2027.427 GC heap after
{Heap after GC invocations=47 (full 3):
 garbage-first heap   total 150528K, used 62426K [0x0000000081e00000, 0x0000000100000000)
  region size 1024K, 10 young (10240K), 10 survivors (10240K)
 Metaspace       used 103425K, committed 104192K, reserved 1179648K
  class space    used 13184K, committed 13568K, reserved 1048576K
}
Event: 2172.603 GC heap before
{Heap before GC invocations=47 (full 3):
 garbage-first heap   total 150528K, used 130010K [0x0000000081e00000, 0x0000000100000000)
  region size 1024K, 76 young (77824K), 10 survivors (10240K)
 Metaspace       used 104253K, committed 104960K, reserved 1179648K
  class space    used 13237K, committed 13568K, reserved 1048576K
}
Event: 2172.619 GC heap after
{Heap after GC invocations=48 (full 3):
 garbage-first heap   total 150528K, used 63335K [0x0000000081e00000, 0x0000000100000000)
  region size 1024K, 3 young (3072K), 3 survivors (3072K)
 Metaspace       used 104253K, committed 104960K, reserved 1179648K
  class space    used 13237K, committed 13568K, reserved 1048576K
}
Event: 2619.367 GC heap before
{Heap before GC invocations=48 (full 3):
 garbage-first heap   total 150528K, used 129895K [0x0000000081e00000, 0x0000000100000000)
  region size 1024K, 69 young (70656K), 3 survivors (3072K)
 Metaspace       used 104282K, committed 104960K, reserved 1179648K
  class space    used 13238K, committed 13568K, reserved 1048576K
}
Event: 2619.514 GC heap after
{Heap after GC invocations=49 (full 4):
 garbage-first heap   total 150528K, used 52549K [0x0000000081e00000, 0x0000000100000000)
  region size 1024K, 0 young (0K), 0 survivors (0K)
 Metaspace       used 104247K, committed 104960K, reserved 1179648K
  class space    used 13234K, committed 13568K, reserved 1048576K
}
Event: 2620.367 GC heap before
{Heap before GC invocations=49 (full 4):
 garbage-first heap   total 150528K, used 103749K [0x0000000081e00000, 0x0000000100000000)
  region size 1024K, 52 young (53248K), 0 survivors (0K)
 Metaspace       used 104849K, committed 105536K, reserved 1179648K
  class space    used 13301K, committed 13632K, reserved 1048576K
}
Event: 2620.374 GC heap after
{Heap after GC invocations=50 (full 4):
 garbage-first heap   total 150528K, used 57669K [0x0000000081e00000, 0x0000000100000000)
  region size 1024K, 5 young (5120K), 5 survivors (5120K)
 Metaspace       used 104849K, committed 105536K, reserved 1179648K
  class space    used 13301K, committed 13632K, reserved 1048576K
}
Event: 2621.460 GC heap before
{Heap before GC invocations=51 (full 4):
 garbage-first heap   total 150528K, used 131397K [0x0000000081e00000, 0x0000000100000000)
  region size 1024K, 76 young (77824K), 5 survivors (5120K)
 Metaspace       used 105704K, committed 106368K, reserved 1179648K
  class space    used 13342K, committed 13632K, reserved 1048576K
}
Event: 2621.470 GC heap after
{Heap after GC invocations=52 (full 4):
 garbage-first heap   total 150528K, used 62220K [0x0000000081e00000, 0x0000000100000000)
  region size 1024K, 10 young (10240K), 10 survivors (10240K)
 Metaspace       used 105704K, committed 106368K, reserved 1179648K
  class space    used 13342K, committed 13632K, reserved 1048576K
}
Event: 2626.111 GC heap before
{Heap before GC invocations=52 (full 4):
 garbage-first heap   total 150528K, used 109324K [0x0000000081e00000, 0x0000000100000000)
  region size 1024K, 57 young (58368K), 10 survivors (10240K)
 Metaspace       used 106401K, committed 107072K, reserved 1179648K
  class space    used 13388K, committed 13696K, reserved 1048576K
}
Event: 2626.283 GC heap after
{Heap after GC invocations=53 (full 5):
 garbage-first heap   total 150528K, used 52870K [0x0000000081e00000, 0x0000000100000000)
  region size 1024K, 0 young (0K), 0 survivors (0K)
 Metaspace       used 106365K, committed 107072K, reserved 1179648K
  class space    used 13384K, committed 13696K, reserved 1048576K
}
Event: 2627.084 GC heap before
{Heap before GC invocations=53 (full 5):
 garbage-first heap   total 150528K, used 104070K [0x0000000081e00000, 0x0000000100000000)
  region size 1024K, 52 young (53248K), 0 survivors (0K)
 Metaspace       used 106959K, committed 107648K, reserved 1179648K
  class space    used 13434K, committed 13760K, reserved 1048576K
}
Event: 2627.091 GC heap after
{Heap after GC invocations=54 (full 5):
 garbage-first heap   total 150528K, used 58384K [0x0000000081e00000, 0x0000000100000000)
  region size 1024K, 6 young (6144K), 6 survivors (6144K)
 Metaspace       used 106959K, committed 107648K, reserved 1179648K
  class space    used 13434K, committed 13760K, reserved 1048576K
}
Event: 2628.015 GC heap before
{Heap before GC invocations=55 (full 5):
 garbage-first heap   total 150528K, used 130064K [0x0000000081e00000, 0x0000000100000000)
  region size 1024K, 75 young (76800K), 6 survivors (6144K)
 Metaspace       used 107730K, committed 108480K, reserved 1179648K
  class space    used 13489K, committed 13824K, reserved 1048576K
}
Event: 2628.024 GC heap after
{Heap after GC invocations=56 (full 5):
 garbage-first heap   total 150528K, used 62877K [0x0000000081e00000, 0x0000000100000000)
  region size 1024K, 10 young (10240K), 10 survivors (10240K)
 Metaspace       used 107730K, committed 108480K, reserved 1179648K
  class space    used 13489K, committed 13824K, reserved 1048576K
}

