# JRE version: Java(TM) SE Runtime Environment (21.0.2+13) (build 21.0.2+13-LTS-58)
# Java VM: Java HotSpot(TM) 64-Bit Server VM (21.0.2+13-LTS-58, mixed mode, sharing, tiered, compressed oops, compressed class ptrs, g1 gc, windows-amd64)
GC Precious Log:
 CardTable entry size: 512
 Card Set container configuration: InlinePtr #cards 5 size 8 Array Of Cards #cards 12 size 40 Howl #buckets 4 coarsen threshold 1843 Howl Bitmap #cards 512 size 80 coarsen threshold 460 Card regions per heap region 1 cards per card region 2048
 CPUs: 4 total, 4 available
 Memory: 8071M
 Large Page Support: Disabled
 NUMA Support: Disabled
 Compressed Oops: Enabled (32-bit)
 Heap Region Size: 1M
 Heap Min Capacity: 8M
 Heap Initial Capacity: 128M
 Heap Max Capacity: 2018M
 Pre-touch: Disabled
 Parallel Workers: 4
 Concurrent Workers: 1
 Concurrent Refinement Workers: 4
 Periodic GC: Disabled
Heap:
 garbage-first heap   total 63488K, used 47058K [0x0000000081e00000, 0x0000000100000000)
  region size 1024K, 23 young (23552K), 4 survivors (4096K)
 Metaspace       used 49636K, committed 50176K, reserved 1114112K
  class space    used 6360K, committed 6592K, reserved 1048576K
GC Heap History (18 events):
Event: 1.064 GC heap before
{Heap before GC invocations=0 (full 0):
 garbage-first heap   total 131072K, used 15360K [0x0000000081e00000, 0x0000000100000000)
  region size 1024K, 13 young (13312K), 0 survivors (0K)
 Metaspace       used 2024K, committed 2176K, reserved 1114112K
  class space    used 189K, committed 256K, reserved 1048576K
}
Event: 1.075 GC heap after
{Heap after GC invocations=1 (full 0):
 garbage-first heap   total 131072K, used 8178K [0x0000000081e00000, 0x0000000100000000)
  region size 1024K, 2 young (2048K), 2 survivors (2048K)
 Metaspace       used 2024K, committed 2176K, reserved 1114112K
  class space    used 189K, committed 256K, reserved 1048576K
}
Event: 1.469 GC heap before
{Heap before GC invocations=1 (full 0):
 garbage-first heap   total 131072K, used 19442K [0x0000000081e00000, 0x0000000100000000)
  region size 1024K, 12 young (12288K), 2 survivors (2048K)
 Metaspace       used 4088K, committed 4288K, reserved 1114112K
  class space    used 459K, committed 576K, reserved 1048576K
}
Event: 1.477 GC heap after
{Heap after GC invocations=2 (full 0):
 garbage-first heap   total 131072K, used 9995K [0x0000000081e00000, 0x0000000100000000)
  region size 1024K, 1 young (1024K), 1 survivors (1024K)
 Metaspace       used 4088K, committed 4288K, reserved 1114112K
  class space    used 459K, committed 576K, reserved 1048576K
}
Event: 2.655 GC heap before
{Heap before GC invocations=2 (full 0):
 garbage-first heap   total 131072K, used 39691K [0x0000000081e00000, 0x0000000100000000)
  region size 1024K, 31 young (31744K), 1 survivors (1024K)
 Metaspace       used 11319K, committed 11648K, reserved 1114112K
  class space    used 1394K, committed 1536K, reserved 1048576K
}
Event: 2.661 GC heap after
{Heap after GC invocations=3 (full 0):
 garbage-first heap   total 131072K, used 10663K [0x0000000081e00000, 0x0000000100000000)
  region size 1024K, 3 young (3072K), 3 survivors (3072K)
 Metaspace       used 11319K, committed 11648K, reserved 1114112K
  class space    used 1394K, committed 1536K, reserved 1048576K
}
Event: 4.831 GC heap before
{Heap before GC invocations=3 (full 0):
 garbage-first heap   total 131072K, used 65959K [0x0000000081e00000, 0x0000000100000000)
  region size 1024K, 59 young (60416K), 3 survivors (3072K)
 Metaspace       used 21216K, committed 21504K, reserved 1114112K
  class space    used 2564K, committed 2688K, reserved 1048576K
}
Event: 4.848 GC heap after
{Heap after GC invocations=4 (full 0):
 garbage-first heap   total 131072K, used 16343K [0x0000000081e00000, 0x0000000100000000)
  region size 1024K, 8 young (8192K), 8 survivors (8192K)
 Metaspace       used 21216K, committed 21504K, reserved 1114112K
  class space    used 2564K, committed 2688K, reserved 1048576K
}
Event: 6.090 GC heap before
{Heap before GC invocations=5 (full 0):
 garbage-first heap   total 58368K, used 42967K [0x0000000081e00000, 0x0000000100000000)
  region size 1024K, 34 young (34816K), 8 survivors (8192K)
 Metaspace       used 24712K, committed 25088K, reserved 1114112K
  class space    used 3039K, committed 3200K, reserved 1048576K
}
Event: 6.109 GC heap after
{Heap after GC invocations=6 (full 0):
 garbage-first heap   total 58368K, used 18796K [0x0000000081e00000, 0x0000000100000000)
  region size 1024K, 3 young (3072K), 3 survivors (3072K)
 Metaspace       used 24712K, committed 25088K, reserved 1114112K
  class space    used 3039K, committed 3200K, reserved 1048576K
}
Event: 7.509 GC heap before
{Heap before GC invocations=6 (full 0):
 garbage-first heap   total 58368K, used 45420K [0x0000000081e00000, 0x0000000100000000)
  region size 1024K, 30 young (30720K), 3 survivors (3072K)
 Metaspace       used 30400K, committed 30912K, reserved 1114112K
  class space    used 3770K, committed 4032K, reserved 1048576K
}
Event: 7.517 GC heap after
{Heap after GC invocations=7 (full 0):
 garbage-first heap   total 58368K, used 21621K [0x0000000081e00000, 0x0000000100000000)
  region size 1024K, 4 young (4096K), 4 survivors (4096K)
 Metaspace       used 30400K, committed 30912K, reserved 1114112K
  class space    used 3770K, committed 4032K, reserved 1048576K
}
Event: 7.846 GC heap before
{Heap before GC invocations=7 (full 0):
 garbage-first heap   total 58368K, used 54389K [0x0000000081e00000, 0x0000000100000000)
  region size 1024K, 29 young (29696K), 4 survivors (4096K)
 Metaspace       used 31040K, committed 31488K, reserved 1114112K
  class space    used 3837K, committed 4032K, reserved 1048576K
}
Event: 7.858 GC heap after
{Heap after GC invocations=8 (full 0):
 garbage-first heap   total 63488K, used 24736K [0x0000000081e00000, 0x0000000100000000)
  region size 1024K, 3 young (3072K), 3 survivors (3072K)
 Metaspace       used 31040K, committed 31488K, reserved 1114112K
  class space    used 3837K, committed 4032K, reserved 1048576K
}
Event: 8.802 GC heap before
{Heap before GC invocations=8 (full 0):
 garbage-first heap   total 63488K, used 45216K [0x0000000081e00000, 0x0000000100000000)
  region size 1024K, 24 young (24576K), 3 survivors (3072K)
 Metaspace       used 35479K, committed 35968K, reserved 1114112K
  class space    used 4473K, committed 4672K, reserved 1048576K
}
Event: 8.808 GC heap after
{Heap after GC invocations=9 (full 0):
 garbage-first heap   total 63488K, used 25988K [0x0000000081e00000, 0x0000000100000000)
  region size 1024K, 2 young (2048K), 2 survivors (2048K)
 Metaspace       used 35479K, committed 35968K, reserved 1114112K
  class space    used 4473K, committed 4672K, reserved 1048576K
}
Event: 10.642 GC heap before
{Heap before GC invocations=10 (full 0):
 garbage-first heap   total 63488K, used 52612K [0x0000000081e00000, 0x0000000100000000)
  region size 1024K, 28 young (28672K), 2 survivors (2048K)
 Metaspace       used 45781K, committed 46272K, reserved 1114112K
  class space    used 5858K, committed 6080K, reserved 1048576K
}
Event: 10.653 GC heap after
{Heap after GC invocations=11 (full 0):
 garbage-first heap   total 63488K, used 28626K [0x0000000081e00000, 0x0000000100000000)
  region size 1024K, 4 young (4096K), 4 survivors (4096K)
 Metaspace       used 45781K, committed 46272K, reserved 1114112K
  class space    used 5858K, committed 6080K, reserved 1048576K
}

